[12/Apr/2014 00:11:41] ERROR [django.request:226] Internal Server Error: /ozio/
Traceback (most recent call last):
  File "/Library/Frameworks/Python.framework/Versions/3.3/lib/python3.3/site-packages/django/core/handlers/base.py", line 114, in get_response
    response = wrapped_callback(request, *callback_args, **callback_kwargs)
  File "/Users/edwin/Programming/python_eclipse_ws/edhome/ozio/views.py", line 37, in ozio_home
    return render(request, 'ozio/ozio_home.html', context)
  File "/Library/Frameworks/Python.framework/Versions/3.3/lib/python3.3/site-packages/django/shortcuts/__init__.py", line 53, in render
    return HttpResponse(loader.render_to_string(*args, **kwargs),
  File "/Library/Frameworks/Python.framework/Versions/3.3/lib/python3.3/site-packages/django/template/loader.py", line 169, in render_to_string
    return t.render(context_instance)
  File "/Library/Frameworks/Python.framework/Versions/3.3/lib/python3.3/site-packages/django/template/base.py", line 140, in render
    return self._render(context)
  File "/Library/Frameworks/Python.framework/Versions/3.3/lib/python3.3/site-packages/django/template/base.py", line 134, in _render
    return self.nodelist.render(context)
  File "/Library/Frameworks/Python.framework/Versions/3.3/lib/python3.3/site-packages/django/template/base.py", line 840, in render
    bit = self.render_node(node, context)
  File "/Library/Frameworks/Python.framework/Versions/3.3/lib/python3.3/site-packages/django/template/debug.py", line 78, in render_node
    return node.render(context)
  File "/Library/Frameworks/Python.framework/Versions/3.3/lib/python3.3/site-packages/django/template/loader_tags.py", line 123, in render
    return compiled_parent._render(context)
  File "/Library/Frameworks/Python.framework/Versions/3.3/lib/python3.3/site-packages/django/template/base.py", line 134, in _render
    return self.nodelist.render(context)
  File "/Library/Frameworks/Python.framework/Versions/3.3/lib/python3.3/site-packages/django/template/base.py", line 840, in render
    bit = self.render_node(node, context)
  File "/Library/Frameworks/Python.framework/Versions/3.3/lib/python3.3/site-packages/django/template/debug.py", line 78, in render_node
    return node.render(context)
  File "/Library/Frameworks/Python.framework/Versions/3.3/lib/python3.3/site-packages/django/template/loader_tags.py", line 62, in render
    result = block.nodelist.render(context)
  File "/Library/Frameworks/Python.framework/Versions/3.3/lib/python3.3/site-packages/django/template/base.py", line 840, in render
    bit = self.render_node(node, context)
  File "/Library/Frameworks/Python.framework/Versions/3.3/lib/python3.3/site-packages/django/template/debug.py", line 78, in render_node
    return node.render(context)
  File "/Library/Frameworks/Python.framework/Versions/3.3/lib/python3.3/site-packages/django/template/loader_tags.py", line 155, in render
    return self.render_template(self.template, context)
  File "/Library/Frameworks/Python.framework/Versions/3.3/lib/python3.3/site-packages/django/template/loader_tags.py", line 137, in render_template
    output = template.render(context)
  File "/Library/Frameworks/Python.framework/Versions/3.3/lib/python3.3/site-packages/django/template/base.py", line 140, in render
    return self._render(context)
  File "/Library/Frameworks/Python.framework/Versions/3.3/lib/python3.3/site-packages/django/template/base.py", line 134, in _render
    return self.nodelist.render(context)
  File "/Library/Frameworks/Python.framework/Versions/3.3/lib/python3.3/site-packages/django/template/base.py", line 840, in render
    bit = self.render_node(node, context)
  File "/Library/Frameworks/Python.framework/Versions/3.3/lib/python3.3/site-packages/django/template/debug.py", line 78, in render_node
    return node.render(context)
  File "/Library/Frameworks/Python.framework/Versions/3.3/lib/python3.3/site-packages/django/template/defaulttags.py", line 196, in render
    nodelist.append(node.render(context))
  File "/Library/Frameworks/Python.framework/Versions/3.3/lib/python3.3/site-packages/django/template/debug.py", line 91, in render
    output = force_text(output)
  File "/Library/Frameworks/Python.framework/Versions/3.3/lib/python3.3/site-packages/django/utils/encoding.py", line 106, in force_text
    s = six.text_type(s)
  File "/Users/edwin/Programming/python_eclipse_ws/edhome/ozio/models.py", line 10, in __str__
    return self.type_text
AttributeError: 'Type' object has no attribute 'type_text'
[12/Apr/2014 00:12:52] ERROR [django.request:226] Internal Server Error: /ozio/
Traceback (most recent call last):
  File "/Library/Frameworks/Python.framework/Versions/3.3/lib/python3.3/site-packages/django/core/handlers/base.py", line 114, in get_response
    response = wrapped_callback(request, *callback_args, **callback_kwargs)
  File "/Users/edwin/Programming/python_eclipse_ws/edhome/ozio/views.py", line 37, in ozio_home
    return render(request, 'ozio/ozio_home.html', context)
  File "/Library/Frameworks/Python.framework/Versions/3.3/lib/python3.3/site-packages/django/shortcuts/__init__.py", line 53, in render
    return HttpResponse(loader.render_to_string(*args, **kwargs),
  File "/Library/Frameworks/Python.framework/Versions/3.3/lib/python3.3/site-packages/django/template/loader.py", line 169, in render_to_string
    return t.render(context_instance)
  File "/Library/Frameworks/Python.framework/Versions/3.3/lib/python3.3/site-packages/django/template/base.py", line 140, in render
    return self._render(context)
  File "/Library/Frameworks/Python.framework/Versions/3.3/lib/python3.3/site-packages/django/template/base.py", line 134, in _render
    return self.nodelist.render(context)
  File "/Library/Frameworks/Python.framework/Versions/3.3/lib/python3.3/site-packages/django/template/base.py", line 840, in render
    bit = self.render_node(node, context)
  File "/Library/Frameworks/Python.framework/Versions/3.3/lib/python3.3/site-packages/django/template/debug.py", line 78, in render_node
    return node.render(context)
  File "/Library/Frameworks/Python.framework/Versions/3.3/lib/python3.3/site-packages/django/template/loader_tags.py", line 123, in render
    return compiled_parent._render(context)
  File "/Library/Frameworks/Python.framework/Versions/3.3/lib/python3.3/site-packages/django/template/base.py", line 134, in _render
    return self.nodelist.render(context)
  File "/Library/Frameworks/Python.framework/Versions/3.3/lib/python3.3/site-packages/django/template/base.py", line 840, in render
    bit = self.render_node(node, context)
  File "/Library/Frameworks/Python.framework/Versions/3.3/lib/python3.3/site-packages/django/template/debug.py", line 78, in render_node
    return node.render(context)
  File "/Library/Frameworks/Python.framework/Versions/3.3/lib/python3.3/site-packages/django/template/loader_tags.py", line 62, in render
    result = block.nodelist.render(context)
  File "/Library/Frameworks/Python.framework/Versions/3.3/lib/python3.3/site-packages/django/template/base.py", line 840, in render
    bit = self.render_node(node, context)
  File "/Library/Frameworks/Python.framework/Versions/3.3/lib/python3.3/site-packages/django/template/debug.py", line 78, in render_node
    return node.render(context)
  File "/Library/Frameworks/Python.framework/Versions/3.3/lib/python3.3/site-packages/django/template/loader_tags.py", line 155, in render
    return self.render_template(self.template, context)
  File "/Library/Frameworks/Python.framework/Versions/3.3/lib/python3.3/site-packages/django/template/loader_tags.py", line 137, in render_template
    output = template.render(context)
  File "/Library/Frameworks/Python.framework/Versions/3.3/lib/python3.3/site-packages/django/template/base.py", line 140, in render
    return self._render(context)
  File "/Library/Frameworks/Python.framework/Versions/3.3/lib/python3.3/site-packages/django/template/base.py", line 134, in _render
    return self.nodelist.render(context)
  File "/Library/Frameworks/Python.framework/Versions/3.3/lib/python3.3/site-packages/django/template/base.py", line 840, in render
    bit = self.render_node(node, context)
  File "/Library/Frameworks/Python.framework/Versions/3.3/lib/python3.3/site-packages/django/template/debug.py", line 78, in render_node
    return node.render(context)
  File "/Library/Frameworks/Python.framework/Versions/3.3/lib/python3.3/site-packages/django/template/defaulttags.py", line 196, in render
    nodelist.append(node.render(context))
  File "/Library/Frameworks/Python.framework/Versions/3.3/lib/python3.3/site-packages/django/template/debug.py", line 91, in render
    output = force_text(output)
  File "/Library/Frameworks/Python.framework/Versions/3.3/lib/python3.3/site-packages/django/utils/encoding.py", line 106, in force_text
    s = six.text_type(s)
  File "/Users/edwin/Programming/python_eclipse_ws/edhome/ozio/models.py", line 10, in __str__
    return self.type
AttributeError: 'Type' object has no attribute 'type_text'
[12/Apr/2014 00:13:02] ERROR [django.request:226] Internal Server Error: /ozio/
Traceback (most recent call last):
  File "/Library/Frameworks/Python.framework/Versions/3.3/lib/python3.3/site-packages/django/core/handlers/base.py", line 114, in get_response
    response = wrapped_callback(request, *callback_args, **callback_kwargs)
  File "/Users/edwin/Programming/python_eclipse_ws/edhome/ozio/views.py", line 37, in ozio_home
    return render(request, 'ozio/ozio_home.html', context)
  File "/Library/Frameworks/Python.framework/Versions/3.3/lib/python3.3/site-packages/django/shortcuts/__init__.py", line 53, in render
    return HttpResponse(loader.render_to_string(*args, **kwargs),
  File "/Library/Frameworks/Python.framework/Versions/3.3/lib/python3.3/site-packages/django/template/loader.py", line 169, in render_to_string
    return t.render(context_instance)
  File "/Library/Frameworks/Python.framework/Versions/3.3/lib/python3.3/site-packages/django/template/base.py", line 140, in render
    return self._render(context)
  File "/Library/Frameworks/Python.framework/Versions/3.3/lib/python3.3/site-packages/django/template/base.py", line 134, in _render
    return self.nodelist.render(context)
  File "/Library/Frameworks/Python.framework/Versions/3.3/lib/python3.3/site-packages/django/template/base.py", line 840, in render
    bit = self.render_node(node, context)
  File "/Library/Frameworks/Python.framework/Versions/3.3/lib/python3.3/site-packages/django/template/debug.py", line 78, in render_node
    return node.render(context)
  File "/Library/Frameworks/Python.framework/Versions/3.3/lib/python3.3/site-packages/django/template/loader_tags.py", line 123, in render
    return compiled_parent._render(context)
  File "/Library/Frameworks/Python.framework/Versions/3.3/lib/python3.3/site-packages/django/template/base.py", line 134, in _render
    return self.nodelist.render(context)
  File "/Library/Frameworks/Python.framework/Versions/3.3/lib/python3.3/site-packages/django/template/base.py", line 840, in render
    bit = self.render_node(node, context)
  File "/Library/Frameworks/Python.framework/Versions/3.3/lib/python3.3/site-packages/django/template/debug.py", line 78, in render_node
    return node.render(context)
  File "/Library/Frameworks/Python.framework/Versions/3.3/lib/python3.3/site-packages/django/template/loader_tags.py", line 62, in render
    result = block.nodelist.render(context)
  File "/Library/Frameworks/Python.framework/Versions/3.3/lib/python3.3/site-packages/django/template/base.py", line 840, in render
    bit = self.render_node(node, context)
  File "/Library/Frameworks/Python.framework/Versions/3.3/lib/python3.3/site-packages/django/template/debug.py", line 78, in render_node
    return node.render(context)
  File "/Library/Frameworks/Python.framework/Versions/3.3/lib/python3.3/site-packages/django/template/loader_tags.py", line 155, in render
    return self.render_template(self.template, context)
  File "/Library/Frameworks/Python.framework/Versions/3.3/lib/python3.3/site-packages/django/template/loader_tags.py", line 137, in render_template
    output = template.render(context)
  File "/Library/Frameworks/Python.framework/Versions/3.3/lib/python3.3/site-packages/django/template/base.py", line 140, in render
    return self._render(context)
  File "/Library/Frameworks/Python.framework/Versions/3.3/lib/python3.3/site-packages/django/template/base.py", line 134, in _render
    return self.nodelist.render(context)
  File "/Library/Frameworks/Python.framework/Versions/3.3/lib/python3.3/site-packages/django/template/base.py", line 840, in render
    bit = self.render_node(node, context)
  File "/Library/Frameworks/Python.framework/Versions/3.3/lib/python3.3/site-packages/django/template/debug.py", line 78, in render_node
    return node.render(context)
  File "/Library/Frameworks/Python.framework/Versions/3.3/lib/python3.3/site-packages/django/template/defaulttags.py", line 196, in render
    nodelist.append(node.render(context))
  File "/Library/Frameworks/Python.framework/Versions/3.3/lib/python3.3/site-packages/django/template/debug.py", line 91, in render
    output = force_text(output)
  File "/Library/Frameworks/Python.framework/Versions/3.3/lib/python3.3/site-packages/django/utils/encoding.py", line 106, in force_text
    s = six.text_type(s)
  File "/Users/edwin/Programming/python_eclipse_ws/edhome/ozio/models.py", line 10, in __str__
    return self.type
AttributeError: 'Type' object has no attribute 'type_text'
[12/Apr/2014 00:13:37] ERROR [django.request:226] Internal Server Error: /ozio/
Traceback (most recent call last):
  File "/Library/Frameworks/Python.framework/Versions/3.3/lib/python3.3/site-packages/django/core/handlers/base.py", line 114, in get_response
    response = wrapped_callback(request, *callback_args, **callback_kwargs)
  File "/Users/edwin/Programming/python_eclipse_ws/edhome/ozio/views.py", line 37, in ozio_home
    return render(request, 'ozio/ozio_home.html', context)
  File "/Library/Frameworks/Python.framework/Versions/3.3/lib/python3.3/site-packages/django/shortcuts/__init__.py", line 53, in render
    return HttpResponse(loader.render_to_string(*args, **kwargs),
  File "/Library/Frameworks/Python.framework/Versions/3.3/lib/python3.3/site-packages/django/template/loader.py", line 169, in render_to_string
    return t.render(context_instance)
  File "/Library/Frameworks/Python.framework/Versions/3.3/lib/python3.3/site-packages/django/template/base.py", line 140, in render
    return self._render(context)
  File "/Library/Frameworks/Python.framework/Versions/3.3/lib/python3.3/site-packages/django/template/base.py", line 134, in _render
    return self.nodelist.render(context)
  File "/Library/Frameworks/Python.framework/Versions/3.3/lib/python3.3/site-packages/django/template/base.py", line 840, in render
    bit = self.render_node(node, context)
  File "/Library/Frameworks/Python.framework/Versions/3.3/lib/python3.3/site-packages/django/template/debug.py", line 78, in render_node
    return node.render(context)
  File "/Library/Frameworks/Python.framework/Versions/3.3/lib/python3.3/site-packages/django/template/loader_tags.py", line 123, in render
    return compiled_parent._render(context)
  File "/Library/Frameworks/Python.framework/Versions/3.3/lib/python3.3/site-packages/django/template/base.py", line 134, in _render
    return self.nodelist.render(context)
  File "/Library/Frameworks/Python.framework/Versions/3.3/lib/python3.3/site-packages/django/template/base.py", line 840, in render
    bit = self.render_node(node, context)
  File "/Library/Frameworks/Python.framework/Versions/3.3/lib/python3.3/site-packages/django/template/debug.py", line 78, in render_node
    return node.render(context)
  File "/Library/Frameworks/Python.framework/Versions/3.3/lib/python3.3/site-packages/django/template/loader_tags.py", line 62, in render
    result = block.nodelist.render(context)
  File "/Library/Frameworks/Python.framework/Versions/3.3/lib/python3.3/site-packages/django/template/base.py", line 840, in render
    bit = self.render_node(node, context)
  File "/Library/Frameworks/Python.framework/Versions/3.3/lib/python3.3/site-packages/django/template/debug.py", line 78, in render_node
    return node.render(context)
  File "/Library/Frameworks/Python.framework/Versions/3.3/lib/python3.3/site-packages/django/template/loader_tags.py", line 155, in render
    return self.render_template(self.template, context)
  File "/Library/Frameworks/Python.framework/Versions/3.3/lib/python3.3/site-packages/django/template/loader_tags.py", line 137, in render_template
    output = template.render(context)
  File "/Library/Frameworks/Python.framework/Versions/3.3/lib/python3.3/site-packages/django/template/base.py", line 140, in render
    return self._render(context)
  File "/Library/Frameworks/Python.framework/Versions/3.3/lib/python3.3/site-packages/django/template/base.py", line 134, in _render
    return self.nodelist.render(context)
  File "/Library/Frameworks/Python.framework/Versions/3.3/lib/python3.3/site-packages/django/template/base.py", line 840, in render
    bit = self.render_node(node, context)
  File "/Library/Frameworks/Python.framework/Versions/3.3/lib/python3.3/site-packages/django/template/debug.py", line 78, in render_node
    return node.render(context)
  File "/Library/Frameworks/Python.framework/Versions/3.3/lib/python3.3/site-packages/django/template/defaulttags.py", line 196, in render
    nodelist.append(node.render(context))
  File "/Library/Frameworks/Python.framework/Versions/3.3/lib/python3.3/site-packages/django/template/debug.py", line 91, in render
    output = force_text(output)
  File "/Library/Frameworks/Python.framework/Versions/3.3/lib/python3.3/site-packages/django/utils/encoding.py", line 106, in force_text
    s = six.text_type(s)
  File "/Users/edwin/Programming/python_eclipse_ws/edhome/ozio/models.py", line 10, in __str__
    return self.type
AttributeError: 'Type' object has no attribute 'type_text'
[12/Apr/2014 00:13:43] ERROR [django.request:226] Internal Server Error: /ozio/
Traceback (most recent call last):
  File "/Library/Frameworks/Python.framework/Versions/3.3/lib/python3.3/site-packages/django/core/handlers/base.py", line 114, in get_response
    response = wrapped_callback(request, *callback_args, **callback_kwargs)
  File "/Users/edwin/Programming/python_eclipse_ws/edhome/ozio/views.py", line 37, in ozio_home
    return render(request, 'ozio/ozio_home.html', context)
  File "/Library/Frameworks/Python.framework/Versions/3.3/lib/python3.3/site-packages/django/shortcuts/__init__.py", line 53, in render
    return HttpResponse(loader.render_to_string(*args, **kwargs),
  File "/Library/Frameworks/Python.framework/Versions/3.3/lib/python3.3/site-packages/django/template/loader.py", line 169, in render_to_string
    return t.render(context_instance)
  File "/Library/Frameworks/Python.framework/Versions/3.3/lib/python3.3/site-packages/django/template/base.py", line 140, in render
    return self._render(context)
  File "/Library/Frameworks/Python.framework/Versions/3.3/lib/python3.3/site-packages/django/template/base.py", line 134, in _render
    return self.nodelist.render(context)
  File "/Library/Frameworks/Python.framework/Versions/3.3/lib/python3.3/site-packages/django/template/base.py", line 840, in render
    bit = self.render_node(node, context)
  File "/Library/Frameworks/Python.framework/Versions/3.3/lib/python3.3/site-packages/django/template/debug.py", line 78, in render_node
    return node.render(context)
  File "/Library/Frameworks/Python.framework/Versions/3.3/lib/python3.3/site-packages/django/template/loader_tags.py", line 123, in render
    return compiled_parent._render(context)
  File "/Library/Frameworks/Python.framework/Versions/3.3/lib/python3.3/site-packages/django/template/base.py", line 134, in _render
    return self.nodelist.render(context)
  File "/Library/Frameworks/Python.framework/Versions/3.3/lib/python3.3/site-packages/django/template/base.py", line 840, in render
    bit = self.render_node(node, context)
  File "/Library/Frameworks/Python.framework/Versions/3.3/lib/python3.3/site-packages/django/template/debug.py", line 78, in render_node
    return node.render(context)
  File "/Library/Frameworks/Python.framework/Versions/3.3/lib/python3.3/site-packages/django/template/loader_tags.py", line 62, in render
    result = block.nodelist.render(context)
  File "/Library/Frameworks/Python.framework/Versions/3.3/lib/python3.3/site-packages/django/template/base.py", line 840, in render
    bit = self.render_node(node, context)
  File "/Library/Frameworks/Python.framework/Versions/3.3/lib/python3.3/site-packages/django/template/debug.py", line 78, in render_node
    return node.render(context)
  File "/Library/Frameworks/Python.framework/Versions/3.3/lib/python3.3/site-packages/django/template/loader_tags.py", line 155, in render
    return self.render_template(self.template, context)
  File "/Library/Frameworks/Python.framework/Versions/3.3/lib/python3.3/site-packages/django/template/loader_tags.py", line 137, in render_template
    output = template.render(context)
  File "/Library/Frameworks/Python.framework/Versions/3.3/lib/python3.3/site-packages/django/template/base.py", line 140, in render
    return self._render(context)
  File "/Library/Frameworks/Python.framework/Versions/3.3/lib/python3.3/site-packages/django/template/base.py", line 134, in _render
    return self.nodelist.render(context)
  File "/Library/Frameworks/Python.framework/Versions/3.3/lib/python3.3/site-packages/django/template/base.py", line 840, in render
    bit = self.render_node(node, context)
  File "/Library/Frameworks/Python.framework/Versions/3.3/lib/python3.3/site-packages/django/template/debug.py", line 78, in render_node
    return node.render(context)
  File "/Library/Frameworks/Python.framework/Versions/3.3/lib/python3.3/site-packages/django/template/defaulttags.py", line 196, in render
    nodelist.append(node.render(context))
  File "/Library/Frameworks/Python.framework/Versions/3.3/lib/python3.3/site-packages/django/template/debug.py", line 91, in render
    output = force_text(output)
  File "/Library/Frameworks/Python.framework/Versions/3.3/lib/python3.3/site-packages/django/utils/encoding.py", line 106, in force_text
    s = six.text_type(s)
  File "/Users/edwin/Programming/python_eclipse_ws/edhome/ozio/models.py", line 10, in __str__
    return self.type
AttributeError: 'Type' object has no attribute 'type_text'
