[10/Apr/2014 15:16:54] ERROR [django.request:226] Internal Server Error: /ozio/
Traceback (most recent call last):
  File "/Library/Frameworks/Python.framework/Versions/3.3/lib/python3.3/site-packages/django/core/handlers/base.py", line 114, in get_response
    response = wrapped_callback(request, *callback_args, **callback_kwargs)
  File "/Users/edwin/Programming/python_eclipse_ws/edhome/ozio/views.py", line 35, in ozio_home
    return render(request, 'ozio/ozio_home.html', context)
  File "/Library/Frameworks/Python.framework/Versions/3.3/lib/python3.3/site-packages/django/shortcuts/__init__.py", line 53, in render
    return HttpResponse(loader.render_to_string(*args, **kwargs),
  File "/Library/Frameworks/Python.framework/Versions/3.3/lib/python3.3/site-packages/django/template/loader.py", line 162, in render_to_string
    t = get_template(template_name)
  File "/Library/Frameworks/Python.framework/Versions/3.3/lib/python3.3/site-packages/django/template/loader.py", line 138, in get_template
    template, origin = find_template(template_name)
  File "/Library/Frameworks/Python.framework/Versions/3.3/lib/python3.3/site-packages/django/template/loader.py", line 127, in find_template
    source, display_name = loader(name, dirs)
  File "/Library/Frameworks/Python.framework/Versions/3.3/lib/python3.3/site-packages/django/template/loader.py", line 43, in __call__
    return self.load_template(template_name, template_dirs)
  File "/Library/Frameworks/Python.framework/Versions/3.3/lib/python3.3/site-packages/django/template/loader.py", line 49, in load_template
    template = get_template_from_string(source, origin, template_name)
  File "/Library/Frameworks/Python.framework/Versions/3.3/lib/python3.3/site-packages/django/template/loader.py", line 149, in get_template_from_string
    return Template(source, origin, name)
  File "/Library/Frameworks/Python.framework/Versions/3.3/lib/python3.3/site-packages/django/template/base.py", line 125, in __init__
    self.nodelist = compile_string(template_string, origin)
  File "/Library/Frameworks/Python.framework/Versions/3.3/lib/python3.3/site-packages/django/template/base.py", line 153, in compile_string
    return parser.parse()
  File "/Library/Frameworks/Python.framework/Versions/3.3/lib/python3.3/site-packages/django/template/base.py", line 278, in parse
    compiled_result = compile_func(self, token)
  File "/Library/Frameworks/Python.framework/Versions/3.3/lib/python3.3/site-packages/django/template/loader_tags.py", line 215, in do_extends
    nodelist = parser.parse()
  File "/Library/Frameworks/Python.framework/Versions/3.3/lib/python3.3/site-packages/django/template/base.py", line 278, in parse
    compiled_result = compile_func(self, token)
  File "/Library/Frameworks/Python.framework/Versions/3.3/lib/python3.3/site-packages/django/template/loader_tags.py", line 190, in do_block
    nodelist = parser.parse(('endblock',))
  File "/Library/Frameworks/Python.framework/Versions/3.3/lib/python3.3/site-packages/django/template/base.py", line 278, in parse
    compiled_result = compile_func(self, token)
  File "/Library/Frameworks/Python.framework/Versions/3.3/lib/python3.3/site-packages/django/template/loader_tags.py", line 263, in do_include
    isolated_context=isolated_context)
  File "/Library/Frameworks/Python.framework/Versions/3.3/lib/python3.3/site-packages/django/template/loader_tags.py", line 145, in __init__
    t = get_template(template_path)
  File "/Library/Frameworks/Python.framework/Versions/3.3/lib/python3.3/site-packages/django/template/loader.py", line 138, in get_template
    template, origin = find_template(template_name)
  File "/Library/Frameworks/Python.framework/Versions/3.3/lib/python3.3/site-packages/django/template/loader.py", line 127, in find_template
    source, display_name = loader(name, dirs)
  File "/Library/Frameworks/Python.framework/Versions/3.3/lib/python3.3/site-packages/django/template/loader.py", line 43, in __call__
    return self.load_template(template_name, template_dirs)
  File "/Library/Frameworks/Python.framework/Versions/3.3/lib/python3.3/site-packages/django/template/loader.py", line 49, in load_template
    template = get_template_from_string(source, origin, template_name)
  File "/Library/Frameworks/Python.framework/Versions/3.3/lib/python3.3/site-packages/django/template/loader.py", line 149, in get_template_from_string
    return Template(source, origin, name)
  File "/Library/Frameworks/Python.framework/Versions/3.3/lib/python3.3/site-packages/django/template/base.py", line 125, in __init__
    self.nodelist = compile_string(template_string, origin)
  File "/Library/Frameworks/Python.framework/Versions/3.3/lib/python3.3/site-packages/django/template/base.py", line 153, in compile_string
    return parser.parse()
  File "/Library/Frameworks/Python.framework/Versions/3.3/lib/python3.3/site-packages/django/template/base.py", line 278, in parse
    compiled_result = compile_func(self, token)
  File "/Library/Frameworks/Python.framework/Versions/3.3/lib/python3.3/site-packages/django/template/defaulttags.py", line 806, in do_for
    nodelist_loop = parser.parse(('empty', 'endfor',))
  File "/Library/Frameworks/Python.framework/Versions/3.3/lib/python3.3/site-packages/django/template/base.py", line 254, in parse
    filter_expression = self.compile_filter(token.contents)
  File "/Library/Frameworks/Python.framework/Versions/3.3/lib/python3.3/site-packages/django/template/base.py", line 360, in compile_filter
    return FilterExpression(token, self)
  File "/Library/Frameworks/Python.framework/Versions/3.3/lib/python3.3/site-packages/django/template/base.py", line 577, in __init__
    "from '%s'" % (token[upto:], token))
django.template.base.TemplateSyntaxError: Could not parse the remainder: ': "Y-M-d"' from 'tran.date | date: "Y-M-d"'
[10/Apr/2014 15:17:11] ERROR [django.request:226] Internal Server Error: /ozio/
Traceback (most recent call last):
  File "/Library/Frameworks/Python.framework/Versions/3.3/lib/python3.3/site-packages/django/core/handlers/base.py", line 114, in get_response
    response = wrapped_callback(request, *callback_args, **callback_kwargs)
  File "/Users/edwin/Programming/python_eclipse_ws/edhome/ozio/views.py", line 35, in ozio_home
    return render(request, 'ozio/ozio_home.html', context)
  File "/Library/Frameworks/Python.framework/Versions/3.3/lib/python3.3/site-packages/django/shortcuts/__init__.py", line 53, in render
    return HttpResponse(loader.render_to_string(*args, **kwargs),
  File "/Library/Frameworks/Python.framework/Versions/3.3/lib/python3.3/site-packages/django/template/loader.py", line 162, in render_to_string
    t = get_template(template_name)
  File "/Library/Frameworks/Python.framework/Versions/3.3/lib/python3.3/site-packages/django/template/loader.py", line 138, in get_template
    template, origin = find_template(template_name)
  File "/Library/Frameworks/Python.framework/Versions/3.3/lib/python3.3/site-packages/django/template/loader.py", line 127, in find_template
    source, display_name = loader(name, dirs)
  File "/Library/Frameworks/Python.framework/Versions/3.3/lib/python3.3/site-packages/django/template/loader.py", line 43, in __call__
    return self.load_template(template_name, template_dirs)
  File "/Library/Frameworks/Python.framework/Versions/3.3/lib/python3.3/site-packages/django/template/loader.py", line 49, in load_template
    template = get_template_from_string(source, origin, template_name)
  File "/Library/Frameworks/Python.framework/Versions/3.3/lib/python3.3/site-packages/django/template/loader.py", line 149, in get_template_from_string
    return Template(source, origin, name)
  File "/Library/Frameworks/Python.framework/Versions/3.3/lib/python3.3/site-packages/django/template/base.py", line 125, in __init__
    self.nodelist = compile_string(template_string, origin)
  File "/Library/Frameworks/Python.framework/Versions/3.3/lib/python3.3/site-packages/django/template/base.py", line 153, in compile_string
    return parser.parse()
  File "/Library/Frameworks/Python.framework/Versions/3.3/lib/python3.3/site-packages/django/template/base.py", line 278, in parse
    compiled_result = compile_func(self, token)
  File "/Library/Frameworks/Python.framework/Versions/3.3/lib/python3.3/site-packages/django/template/loader_tags.py", line 215, in do_extends
    nodelist = parser.parse()
  File "/Library/Frameworks/Python.framework/Versions/3.3/lib/python3.3/site-packages/django/template/base.py", line 278, in parse
    compiled_result = compile_func(self, token)
  File "/Library/Frameworks/Python.framework/Versions/3.3/lib/python3.3/site-packages/django/template/loader_tags.py", line 190, in do_block
    nodelist = parser.parse(('endblock',))
  File "/Library/Frameworks/Python.framework/Versions/3.3/lib/python3.3/site-packages/django/template/base.py", line 278, in parse
    compiled_result = compile_func(self, token)
  File "/Library/Frameworks/Python.framework/Versions/3.3/lib/python3.3/site-packages/django/template/loader_tags.py", line 263, in do_include
    isolated_context=isolated_context)
  File "/Library/Frameworks/Python.framework/Versions/3.3/lib/python3.3/site-packages/django/template/loader_tags.py", line 145, in __init__
    t = get_template(template_path)
  File "/Library/Frameworks/Python.framework/Versions/3.3/lib/python3.3/site-packages/django/template/loader.py", line 138, in get_template
    template, origin = find_template(template_name)
  File "/Library/Frameworks/Python.framework/Versions/3.3/lib/python3.3/site-packages/django/template/loader.py", line 127, in find_template
    source, display_name = loader(name, dirs)
  File "/Library/Frameworks/Python.framework/Versions/3.3/lib/python3.3/site-packages/django/template/loader.py", line 43, in __call__
    return self.load_template(template_name, template_dirs)
  File "/Library/Frameworks/Python.framework/Versions/3.3/lib/python3.3/site-packages/django/template/loader.py", line 49, in load_template
    template = get_template_from_string(source, origin, template_name)
  File "/Library/Frameworks/Python.framework/Versions/3.3/lib/python3.3/site-packages/django/template/loader.py", line 149, in get_template_from_string
    return Template(source, origin, name)
  File "/Library/Frameworks/Python.framework/Versions/3.3/lib/python3.3/site-packages/django/template/base.py", line 125, in __init__
    self.nodelist = compile_string(template_string, origin)
  File "/Library/Frameworks/Python.framework/Versions/3.3/lib/python3.3/site-packages/django/template/base.py", line 153, in compile_string
    return parser.parse()
  File "/Library/Frameworks/Python.framework/Versions/3.3/lib/python3.3/site-packages/django/template/base.py", line 278, in parse
    compiled_result = compile_func(self, token)
  File "/Library/Frameworks/Python.framework/Versions/3.3/lib/python3.3/site-packages/django/template/defaulttags.py", line 806, in do_for
    nodelist_loop = parser.parse(('empty', 'endfor',))
  File "/Library/Frameworks/Python.framework/Versions/3.3/lib/python3.3/site-packages/django/template/base.py", line 254, in parse
    filter_expression = self.compile_filter(token.contents)
  File "/Library/Frameworks/Python.framework/Versions/3.3/lib/python3.3/site-packages/django/template/base.py", line 360, in compile_filter
    return FilterExpression(token, self)
  File "/Library/Frameworks/Python.framework/Versions/3.3/lib/python3.3/site-packages/django/template/base.py", line 577, in __init__
    "from '%s'" % (token[upto:], token))
django.template.base.TemplateSyntaxError: Could not parse the remainder: ': "Y M d"' from 'tran.date | date: "Y M d"'
[10/Apr/2014 15:34:03] INFO [ozio.ozioUtils:13] Handling uploaded file:fake.csv id: 15
[10/Apr/2014 15:34:03] INFO [ozio.ozioUtils:48] Processing: 22/02/2014,-500.00,Transfer to CBA A/c NetBank Cash Out 500,+91.75
[10/Apr/2014 15:34:03] DEBUG [ozio.ozioUtils:27] Handling transaction: ['2014-02-22', '-500.00', 'TRANSFER TO CBA A/C NETBANK CASH OUT 500', 'Transfer to CBA A/c NetBank Cash Out 500 Balance:+91.75']
[10/Apr/2014 15:34:03] INFO [ozio.ozioUtils:42] Finished processing file: fake.csv
[10/Apr/2014 15:34:23] INFO [ozio.ozioUtils:13] Handling uploaded file:Ed_SmartAccess_2013-03-17.csv id: 16
[10/Apr/2014 15:34:23] INFO [ozio.ozioUtils:48] Processing: 18/03/2014,"-9.80","COUNTRY GROWERS K509 PARRAMATTA  AUS Card xx1940 Value Date: 15/03/2014","+338.86"
[10/Apr/2014 15:34:23] DEBUG [ozio.ozioUtils:27] Handling transaction: ['2014-03-15', '-9.80', 'COUNTRY GROWERS K509 PARRAMATTA AUS CARD XX1940 ', 'COUNTRY GROWERS K509 PARRAMATTA  AUS Card xx1940 Value Date: 15/03/2014 Balance:+338.86\r']
[10/Apr/2014 15:34:23] INFO [ozio.ozioUtils:48] Processing: 18/03/2014,"-42.92","WOOLWORTHS W1106 PARRAMATTA  AUS Card xx1940 Value Date: 15/03/2014","+348.66"
[10/Apr/2014 15:34:23] DEBUG [ozio.ozioUtils:27] Handling transaction: ['2014-03-15', '-42.92', 'WOOLWORTHS W1106 PARRAMATTA AUS CARD XX1940 ', 'WOOLWORTHS W1106 PARRAMATTA  AUS Card xx1940 Value Date: 15/03/2014 Balance:+348.66\r']
[10/Apr/2014 15:34:23] INFO [ozio.ozioUtils:48] Processing: 18/03/2014,"-37.25","SEAFOOD BUYFOOD PYRMONT NS AUS Card xx1940 Value Date: 14/03/2014","+391.58"
[10/Apr/2014 15:34:23] DEBUG [ozio.ozioUtils:27] Handling transaction: ['2014-03-14', '-37.25', 'SEAFOOD BUYFOOD PYRMONT NS AUS CARD XX1940 ', 'SEAFOOD BUYFOOD PYRMONT NS AUS Card xx1940 Value Date: 14/03/2014 Balance:+391.58\r']
[10/Apr/2014 15:34:23] INFO [ozio.ozioUtils:48] Processing: 18/03/2014,"+40.00","Return TELSTRA ONLINE MELBOURNE VI AUS Card xx1940 Value Date: 14/03/2014","+428.83"
[10/Apr/2014 15:34:23] DEBUG [ozio.ozioUtils:27] Handling transaction: ['2014-03-14', '+40.00', 'RETURN TELSTRA ONLINE MELBOURNE VI AUS CARD XX1940 ', 'Return TELSTRA ONLINE MELBOURNE VI AUS Card xx1940 Value Date: 14/03/2014 Balance:+428.83\r']
[10/Apr/2014 15:34:23] INFO [ozio.ozioUtils:48] Processing: 18/03/2014,"+40.00","Return TELSTRA ONLINE MELBOURNE VI AUS Card xx1940 Value Date: 14/03/2014","+388.83"
[10/Apr/2014 15:34:23] DEBUG [ozio.ozioUtils:27] Handling transaction: ['2014-03-14', '+40.00', 'RETURN TELSTRA ONLINE MELBOURNE VI AUS CARD XX1940 ', 'Return TELSTRA ONLINE MELBOURNE VI AUS Card xx1940 Value Date: 14/03/2014 Balance:+388.83\r']
[10/Apr/2014 15:34:23] INFO [ozio.ozioUtils:48] Processing: 15/03/2014,"-29.98","REBEL SPORT LTD 009 PARRAMATTA NSW 1","+348.83"
[10/Apr/2014 15:34:23] DEBUG [ozio.ozioUtils:27] Handling transaction: ['2014-03-15', '-29.98', 'REBEL SPORT LTD 009 PARRAMATTA NSW 1', 'REBEL SPORT LTD 009 PARRAMATTA NSW 1 Balance:+348.83\r']
[10/Apr/2014 15:34:23] INFO [ozio.ozioUtils:48] Processing: 15/03/2014,"+200.00","Transfer from xx4986 CommBank app","+378.81"
[10/Apr/2014 15:34:23] DEBUG [ozio.ozioUtils:27] Handling transaction: ['2014-03-15', '+200.00', 'TRANSFER FROM XX4986 COMMBANK APP', 'Transfer from xx4986 CommBank app Balance:+378.81\r']
[10/Apr/2014 15:34:23] INFO [ozio.ozioUtils:48] Processing: 15/03/2014,"-40.00","TELSTRA ONLINE MELBOURNE VI AUS Card xx1940 Value Date: 12/03/2014","+178.81"
[10/Apr/2014 15:34:23] DEBUG [ozio.ozioUtils:27] Handling transaction: ['2014-03-12', '-40.00', 'TELSTRA ONLINE MELBOURNE VI AUS CARD XX1940 ', 'TELSTRA ONLINE MELBOURNE VI AUS Card xx1940 Value Date: 12/03/2014 Balance:+178.81\r']
[10/Apr/2014 15:34:23] INFO [ozio.ozioUtils:48] Processing: 15/03/2014,"-40.00","TELSTRA ONLINE MELBOURNE VI AUS Card xx1940 Value Date: 13/03/2014","+218.81"
[10/Apr/2014 15:34:23] DEBUG [ozio.ozioUtils:27] Handling transaction: ['2014-03-13', '-40.00', 'TELSTRA ONLINE MELBOURNE VI AUS CARD XX1940 ', 'TELSTRA ONLINE MELBOURNE VI AUS Card xx1940 Value Date: 13/03/2014 Balance:+218.81\r']
[10/Apr/2014 15:34:23] INFO [ozio.ozioUtils:48] Processing: 15/03/2014,"-3.98","PAYPAL *ISALEPTYLTD 4029357733 AU AUS Card xx1940 Value Date: 11/03/2014","+258.81"
[10/Apr/2014 15:34:23] DEBUG [ozio.ozioUtils:27] Handling transaction: ['2014-03-11', '-3.98', 'PAYPAL *ISALEPTYLTD 4029357733 AU AUS CARD XX1940 ', 'PAYPAL *ISALEPTYLTD 4029357733 AU AUS Card xx1940 Value Date: 11/03/2014 Balance:+258.81\r']
[10/Apr/2014 15:34:23] INFO [ozio.ozioUtils:48] Processing: 14/03/2014,"-26.00","WOOLWORTHS      1248 TOWN HALL NSW    AU Cash Out $20.00 Purchase $6.00","+262.79"
[10/Apr/2014 15:34:23] DEBUG [ozio.ozioUtils:27] Handling transaction: ['2014-03-14', '-20.00', 'CASH OUT', 'WOOLWORTHS      1248 TOWN HALL NSW    AU Cash Out $20.00 Purchase $6.00 Balance:+262.79\r:Split']
[10/Apr/2014 15:34:23] DEBUG [ozio.ozioUtils:27] Handling transaction: ['2014-03-14', '-6.00', 'WOOLWORTHS 1248 TOWN HALL NSW AU ', 'WOOLWORTHS      1248 TOWN HALL NSW    AU Cash Out $20.00 Purchase $6.00 Balance:+262.79\r']
[10/Apr/2014 15:34:23] INFO [ozio.ozioUtils:48] Processing: 14/03/2014,"-24.00","KMART PARRAMATTA NS AUS Card xx1940 Value Date: 12/03/2014","+288.79"
[10/Apr/2014 15:34:23] DEBUG [ozio.ozioUtils:27] Handling transaction: ['2014-03-12', '-24.00', 'KMART PARRAMATTA NS AUS CARD XX1940 ', 'KMART PARRAMATTA NS AUS Card xx1940 Value Date: 12/03/2014 Balance:+288.79\r']
[10/Apr/2014 15:34:23] INFO [ozio.ozioUtils:48] Processing: 13/03/2014,"-28.00","PAYPAL *SAVEDOLLAR0 4029357733 AU AUS Card xx1940 Value Date: 09/03/2014","+312.79"
[10/Apr/2014 15:34:23] DEBUG [ozio.ozioUtils:27] Handling transaction: ['2014-03-09', '-28.00', 'PAYPAL *SAVEDOLLAR0 4029357733 AU AUS CARD XX1940 ', 'PAYPAL *SAVEDOLLAR0 4029357733 AU AUS Card xx1940 Value Date: 09/03/2014 Balance:+312.79\r']
[10/Apr/2014 15:34:23] INFO [ozio.ozioUtils:48] Processing: 12/03/2014,"-97.05","WOOLWORTHS      1106 PARRAMATTA NSW   AU Cash Out $20.00 Purchase $77.05","+340.79"
[10/Apr/2014 15:34:23] DEBUG [ozio.ozioUtils:27] Handling transaction: ['2014-03-12', '-20.00', 'CASH OUT', 'WOOLWORTHS      1106 PARRAMATTA NSW   AU Cash Out $20.00 Purchase $77.05 Balance:+340.79\r:Split']
[10/Apr/2014 15:34:23] DEBUG [ozio.ozioUtils:27] Handling transaction: ['2014-03-12', '-77.05', 'WOOLWORTHS 1106 PARRAMATTA NSW AU ', 'WOOLWORTHS      1106 PARRAMATTA NSW   AU Cash Out $20.00 Purchase $77.05 Balance:+340.79\r']
[10/Apr/2014 15:34:23] INFO [ozio.ozioUtils:48] Processing: 12/03/2014,"+200.00","Transfer from xx4986 CommBank app","+437.84"
[10/Apr/2014 15:34:23] DEBUG [ozio.ozioUtils:27] Handling transaction: ['2014-03-12', '+200.00', 'TRANSFER FROM XX4986 COMMBANK APP', 'Transfer from xx4986 CommBank app Balance:+437.84\r']
[10/Apr/2014 15:34:23] INFO [ozio.ozioUtils:48] Processing: 12/03/2014,"-23.49","COLES PARRAMATTA0896 PARRAMATTA NS AUS Card xx1940 Value Date: 08/03/2014","+237.84"
[10/Apr/2014 15:34:23] DEBUG [ozio.ozioUtils:27] Handling transaction: ['2014-03-08', '-23.49', 'COLES PARRAMATTA0896 PARRAMATTA NS AUS CARD XX1940 ', 'COLES PARRAMATTA0896 PARRAMATTA NS AUS Card xx1940 Value Date: 08/03/2014 Balance:+237.84\r']
[10/Apr/2014 15:34:23] INFO [ozio.ozioUtils:48] Processing: 12/03/2014,"-25.00","COTTON ON 2931 DRUMMOYNE NS AUS Card xx1940 Value Date: 09/03/2014","+261.33"
[10/Apr/2014 15:34:23] DEBUG [ozio.ozioUtils:27] Handling transaction: ['2014-03-09', '-25.00', 'COTTON ON 2931 DRUMMOYNE NS AUS CARD XX1940 ', 'COTTON ON 2931 DRUMMOYNE NS AUS Card xx1940 Value Date: 09/03/2014 Balance:+261.33\r']
[10/Apr/2014 15:34:23] INFO [ozio.ozioUtils:48] Processing: 12/03/2014,"-8.40","DAISO INDUSTRIES AUSTR PARRAMATTA NS AUS Card xx1940 Value Date: 08/03/2014","+286.33"
[10/Apr/2014 15:34:23] DEBUG [ozio.ozioUtils:27] Handling transaction: ['2014-03-08', '-8.40', 'DAISO INDUSTRIES AUSTR PARRAMATTA NS AUS CARD XX1940 ', 'DAISO INDUSTRIES AUSTR PARRAMATTA NS AUS Card xx1940 Value Date: 08/03/2014 Balance:+286.33\r']
[10/Apr/2014 15:34:23] INFO [ozio.ozioUtils:48] Processing: 11/03/2014,"-50.75","CALTEX WOOLWORTHS WENT WENTWORTHVILL  AUS Card xx1940 Value Date: 09/03/2014","+294.73"
[10/Apr/2014 15:34:23] DEBUG [ozio.ozioUtils:27] Handling transaction: ['2014-03-09', '-50.75', 'CALTEX WOOLWORTHS WENT WENTWORTHVILL AUS CARD XX1940 ', 'CALTEX WOOLWORTHS WENT WENTWORTHVILL  AUS Card xx1940 Value Date: 09/03/2014 Balance:+294.73\r']
[10/Apr/2014 15:34:23] INFO [ozio.ozioUtils:48] Processing: 10/03/2014,"-47.95","MD AUBURN 132            AUBURN       NS","+345.48"
[10/Apr/2014 15:34:23] DEBUG [ozio.ozioUtils:27] Handling transaction: ['2014-03-10', '-47.95', 'MD AUBURN 132 AUBURN NS', 'MD AUBURN 132            AUBURN       NS Balance:+345.48\r']
[10/Apr/2014 15:34:23] INFO [ozio.ozioUtils:48] Processing: 10/03/2014,"-79.95","MD AUBURN 132            AUBURN       NS","+393.43"
[10/Apr/2014 15:34:23] DEBUG [ozio.ozioUtils:27] Handling transaction: ['2014-03-10', '-79.95', 'MD AUBURN 132 AUBURN NS', 'MD AUBURN 132            AUBURN       NS Balance:+393.43\r']
[10/Apr/2014 15:34:23] INFO [ozio.ozioUtils:48] Processing: 10/03/2014,"-12.75","HANSANG TRADING      LIDCOMBE NSW","+473.38"
[10/Apr/2014 15:34:23] DEBUG [ozio.ozioUtils:27] Handling transaction: ['2014-03-10', '-12.75', 'HANSANG TRADING LIDCOMBE NSW', 'HANSANG TRADING      LIDCOMBE NSW Balance:+473.38\r']
[10/Apr/2014 15:34:23] INFO [ozio.ozioUtils:48] Processing: 09/03/2014,"-26.40","HANDYWAY WORLD KITC 0327 DRUMMOYNE","+486.13"
[10/Apr/2014 15:34:23] DEBUG [ozio.ozioUtils:27] Handling transaction: ['2014-03-09', '-26.40', 'HANDYWAY WORLD KITC 0327 DRUMMOYNE', 'HANDYWAY WORLD KITC 0327 DRUMMOYNE Balance:+486.13\r']
[10/Apr/2014 15:34:23] INFO [ozio.ozioUtils:48] Processing: 08/03/2014,"-20.85","HOME AND KITCHEN DIREC WETHERILL PAR NS AUS Card xx1940 Value Date: 06/03/2014","+512.53"
[10/Apr/2014 15:34:23] DEBUG [ozio.ozioUtils:27] Handling transaction: ['2014-03-06', '-20.85', 'HOME AND KITCHEN DIREC WETHERILL PAR NS AUS CARD XX1940 ', 'HOME AND KITCHEN DIREC WETHERILL PAR NS AUS Card xx1940 Value Date: 06/03/2014 Balance:+512.53\r']
[10/Apr/2014 15:34:23] INFO [ozio.ozioUtils:48] Processing: 07/03/2014,"-10.40","SYDNEY TRAINS WESTME4072 WESTMEAD","+533.38"
[10/Apr/2014 15:34:23] DEBUG [ozio.ozioUtils:27] Handling transaction: ['2014-03-07', '-10.40', 'SYDNEY TRAINS WESTME4072 WESTMEAD', 'SYDNEY TRAINS WESTME4072 WESTMEAD Balance:+533.38\r']
[10/Apr/2014 15:34:23] INFO [ozio.ozioUtils:48] Processing: 07/03/2014,"-40.00","TELSTRA ONLINE MELBOURNE VI AUS Card xx1940 Value Date: 05/03/2014","+543.78"
[10/Apr/2014 15:34:23] DEBUG [ozio.ozioUtils:27] Handling transaction: ['2014-03-05', '-40.00', 'TELSTRA ONLINE MELBOURNE VI AUS CARD XX1940 ', 'TELSTRA ONLINE MELBOURNE VI AUS Card xx1940 Value Date: 05/03/2014 Balance:+543.78\r']
[10/Apr/2014 15:34:23] INFO [ozio.ozioUtils:48] Processing: 07/03/2014,"-35.84","COLES PARRAMATTA0896 PARRAMATTA NS AUS Card xx1940 Value Date: 05/03/2014","+583.78"
[10/Apr/2014 15:34:23] DEBUG [ozio.ozioUtils:27] Handling transaction: ['2014-03-05', '-35.84', 'COLES PARRAMATTA0896 PARRAMATTA NS AUS CARD XX1940 ', 'COLES PARRAMATTA0896 PARRAMATTA NS AUS Card xx1940 Value Date: 05/03/2014 Balance:+583.78\r']
[10/Apr/2014 15:34:23] INFO [ozio.ozioUtils:48] Processing: 06/03/2014,"-8.95","SUBWAY SANDWICHES 1      SYDNEY    NSWAU","+619.62"
[10/Apr/2014 15:34:23] DEBUG [ozio.ozioUtils:27] Handling transaction: ['2014-03-06', '-8.95', 'SUBWAY SANDWICHES 1 SYDNEY NSWAU', 'SUBWAY SANDWICHES 1      SYDNEY    NSWAU Balance:+619.62\r']
[10/Apr/2014 15:34:23] INFO [ozio.ozioUtils:48] Processing: 06/03/2014,"-10.40","SYDNEY TRAINS WESTME4072 WESTMEAD","+628.57"
[10/Apr/2014 15:34:23] DEBUG [ozio.ozioUtils:27] Handling transaction: ['2014-03-06', '-10.40', 'SYDNEY TRAINS WESTME4072 WESTMEAD', 'SYDNEY TRAINS WESTME4072 WESTMEAD Balance:+628.57\r']
[10/Apr/2014 15:34:23] INFO [ozio.ozioUtils:48] Processing: 06/03/2014,"-1400.00","Transfer to xx4986 CommBank app","+638.97"
[10/Apr/2014 15:34:23] DEBUG [ozio.ozioUtils:27] Handling transaction: ['2014-03-06', '-1400.00', 'TRANSFER TO XX4986 COMMBANK APP', 'Transfer to xx4986 CommBank app Balance:+638.97\r']
[10/Apr/2014 15:34:23] INFO [ozio.ozioUtils:48] Processing: 05/03/2014,"-11.20","DAISO INDUSTRIES (AU     PARRAMATTA   NS","+2038.97"
[10/Apr/2014 15:34:23] DEBUG [ozio.ozioUtils:27] Handling transaction: ['2014-03-05', '-11.20', 'DAISO INDUSTRIES (AU PARRAMATTA NS', 'DAISO INDUSTRIES (AU     PARRAMATTA   NS Balance:+2038.97\r']
[10/Apr/2014 15:34:23] INFO [ozio.ozioUtils:48] Processing: 05/03/2014,"-78.20","COLES PARRAMATTA0896 PARRAMATTA NS AUS Card xx1940 Value Date: 01/03/2014","+2050.17"
[10/Apr/2014 15:34:23] DEBUG [ozio.ozioUtils:27] Handling transaction: ['2014-03-01', '-78.20', 'COLES PARRAMATTA0896 PARRAMATTA NS AUS CARD XX1940 ', 'COLES PARRAMATTA0896 PARRAMATTA NS AUS Card xx1940 Value Date: 01/03/2014 Balance:+2050.17\r']
[10/Apr/2014 15:34:23] INFO [ozio.ozioUtils:48] Processing: 05/03/2014,"-6.95","PAYPAL *SEGCOMPUTER 4029357733 AU AUS Card xx1940 Value Date: 01/03/2014","+2128.37"
[10/Apr/2014 15:34:23] DEBUG [ozio.ozioUtils:27] Handling transaction: ['2014-03-01', '-6.95', 'PAYPAL *SEGCOMPUTER 4029357733 AU AUS CARD XX1940 ', 'PAYPAL *SEGCOMPUTER 4029357733 AU AUS Card xx1940 Value Date: 01/03/2014 Balance:+2128.37\r']
[10/Apr/2014 15:34:23] INFO [ozio.ozioUtils:48] Processing: 05/03/2014,"-10.00","KMART PARRAMATTA NS AUS Card xx1940 Value Date: 01/03/2014","+2135.32"
[10/Apr/2014 15:34:23] DEBUG [ozio.ozioUtils:27] Handling transaction: ['2014-03-01', '-10.00', 'KMART PARRAMATTA NS AUS CARD XX1940 ', 'KMART PARRAMATTA NS AUS Card xx1940 Value Date: 01/03/2014 Balance:+2135.32\r']
[10/Apr/2014 15:34:23] INFO [ozio.ozioUtils:48] Processing: 05/03/2014,"-57.00","TARGET 144 PARRAMATTA NS AUS Card xx1940 Value Date: 01/03/2014","+2145.32"
[10/Apr/2014 15:34:23] DEBUG [ozio.ozioUtils:27] Handling transaction: ['2014-03-01', '-57.00', 'TARGET 144 PARRAMATTA NS AUS CARD XX1940 ', 'TARGET 144 PARRAMATTA NS AUS Card xx1940 Value Date: 01/03/2014 Balance:+2145.32\r']
[10/Apr/2014 15:34:23] INFO [ozio.ozioUtils:48] Processing: 05/03/2014,"-67.88","COLES PARRAMATTA0896 PARRAMATTA NS AUS Card xx1940 Value Date: 03/03/2014","+2202.32"
[10/Apr/2014 15:34:23] DEBUG [ozio.ozioUtils:27] Handling transaction: ['2014-03-03', '-67.88', 'COLES PARRAMATTA0896 PARRAMATTA NS AUS CARD XX1940 ', 'COLES PARRAMATTA0896 PARRAMATTA NS AUS Card xx1940 Value Date: 03/03/2014 Balance:+2202.32\r']
[10/Apr/2014 15:34:23] INFO [ozio.ozioUtils:48] Processing: 05/03/2014,"-9.95","PAYPAL *FUNGCALVIN 4029357733 AU AUS Card xx1940 Value Date: 01/03/2014","+2270.20"
[10/Apr/2014 15:34:23] DEBUG [ozio.ozioUtils:27] Handling transaction: ['2014-03-01', '-9.95', 'PAYPAL *FUNGCALVIN 4029357733 AU AUS CARD XX1940 ', 'PAYPAL *FUNGCALVIN 4029357733 AU AUS Card xx1940 Value Date: 01/03/2014 Balance:+2270.20\r']
[10/Apr/2014 15:34:23] INFO [ozio.ozioUtils:48] Processing: 05/03/2014,"-22.00","TARGET 144 PARRAMATTA NS AUS Card xx1940 Value Date: 03/03/2014","+2280.15"
[10/Apr/2014 15:34:23] DEBUG [ozio.ozioUtils:27] Handling transaction: ['2014-03-03', '-22.00', 'TARGET 144 PARRAMATTA NS AUS CARD XX1940 ', 'TARGET 144 PARRAMATTA NS AUS Card xx1940 Value Date: 03/03/2014 Balance:+2280.15\r']
[10/Apr/2014 15:34:23] INFO [ozio.ozioUtils:48] Processing: 04/03/2014,"-3.98","WOOLWORTHS W1106 PARRAMATTA  AUS Card xx1940 Value Date: 01/03/2014","+2302.15"
[10/Apr/2014 15:34:23] DEBUG [ozio.ozioUtils:27] Handling transaction: ['2014-03-01', '-3.98', 'WOOLWORTHS W1106 PARRAMATTA AUS CARD XX1940 ', 'WOOLWORTHS W1106 PARRAMATTA  AUS Card xx1940 Value Date: 01/03/2014 Balance:+2302.15\r']
[10/Apr/2014 15:34:23] INFO [ozio.ozioUtils:48] Processing: 04/03/2014,"-15.82","TONG LI SUPERMARKETQPS PARRAMATTA  AUS Card xx1940 Value Date: 03/03/2014","+2306.13"
[10/Apr/2014 15:34:23] DEBUG [ozio.ozioUtils:27] Handling transaction: ['2014-03-03', '-15.82', 'TONG LI SUPERMARKETQPS PARRAMATTA AUS CARD XX1940 ', 'TONG LI SUPERMARKETQPS PARRAMATTA  AUS Card xx1940 Value Date: 03/03/2014 Balance:+2306.13\r']
[10/Apr/2014 15:34:23] INFO [ozio.ozioUtils:42] Finished processing file: Ed_SmartAccess_2013-03-17.csv
[10/Apr/2014 16:44:36] ERROR [django.request:226] Internal Server Error: /ozio/
Traceback (most recent call last):
  File "/Library/Frameworks/Python.framework/Versions/3.3/lib/python3.3/site-packages/django/template/base.py", line 274, in parse
    compile_func = self.tags[command]
KeyError: 'static'

During handling of the above exception, another exception occurred:

Traceback (most recent call last):
  File "/Library/Frameworks/Python.framework/Versions/3.3/lib/python3.3/site-packages/django/core/handlers/base.py", line 114, in get_response
    response = wrapped_callback(request, *callback_args, **callback_kwargs)
  File "/Users/edwin/Programming/python_eclipse_ws/edhome/ozio/views.py", line 35, in ozio_home
    return render(request, 'ozio/ozio_home.html', context)
  File "/Library/Frameworks/Python.framework/Versions/3.3/lib/python3.3/site-packages/django/shortcuts/__init__.py", line 53, in render
    return HttpResponse(loader.render_to_string(*args, **kwargs),
  File "/Library/Frameworks/Python.framework/Versions/3.3/lib/python3.3/site-packages/django/template/loader.py", line 162, in render_to_string
    t = get_template(template_name)
  File "/Library/Frameworks/Python.framework/Versions/3.3/lib/python3.3/site-packages/django/template/loader.py", line 138, in get_template
    template, origin = find_template(template_name)
  File "/Library/Frameworks/Python.framework/Versions/3.3/lib/python3.3/site-packages/django/template/loader.py", line 127, in find_template
    source, display_name = loader(name, dirs)
  File "/Library/Frameworks/Python.framework/Versions/3.3/lib/python3.3/site-packages/django/template/loader.py", line 43, in __call__
    return self.load_template(template_name, template_dirs)
  File "/Library/Frameworks/Python.framework/Versions/3.3/lib/python3.3/site-packages/django/template/loader.py", line 49, in load_template
    template = get_template_from_string(source, origin, template_name)
  File "/Library/Frameworks/Python.framework/Versions/3.3/lib/python3.3/site-packages/django/template/loader.py", line 149, in get_template_from_string
    return Template(source, origin, name)
  File "/Library/Frameworks/Python.framework/Versions/3.3/lib/python3.3/site-packages/django/template/base.py", line 125, in __init__
    self.nodelist = compile_string(template_string, origin)
  File "/Library/Frameworks/Python.framework/Versions/3.3/lib/python3.3/site-packages/django/template/base.py", line 153, in compile_string
    return parser.parse()
  File "/Library/Frameworks/Python.framework/Versions/3.3/lib/python3.3/site-packages/django/template/base.py", line 278, in parse
    compiled_result = compile_func(self, token)
  File "/Library/Frameworks/Python.framework/Versions/3.3/lib/python3.3/site-packages/django/template/loader_tags.py", line 215, in do_extends
    nodelist = parser.parse()
  File "/Library/Frameworks/Python.framework/Versions/3.3/lib/python3.3/site-packages/django/template/base.py", line 278, in parse
    compiled_result = compile_func(self, token)
  File "/Library/Frameworks/Python.framework/Versions/3.3/lib/python3.3/site-packages/django/template/loader_tags.py", line 190, in do_block
    nodelist = parser.parse(('endblock',))
  File "/Library/Frameworks/Python.framework/Versions/3.3/lib/python3.3/site-packages/django/template/base.py", line 278, in parse
    compiled_result = compile_func(self, token)
  File "/Library/Frameworks/Python.framework/Versions/3.3/lib/python3.3/site-packages/django/template/loader_tags.py", line 263, in do_include
    isolated_context=isolated_context)
  File "/Library/Frameworks/Python.framework/Versions/3.3/lib/python3.3/site-packages/django/template/loader_tags.py", line 145, in __init__
    t = get_template(template_path)
  File "/Library/Frameworks/Python.framework/Versions/3.3/lib/python3.3/site-packages/django/template/loader.py", line 138, in get_template
    template, origin = find_template(template_name)
  File "/Library/Frameworks/Python.framework/Versions/3.3/lib/python3.3/site-packages/django/template/loader.py", line 127, in find_template
    source, display_name = loader(name, dirs)
  File "/Library/Frameworks/Python.framework/Versions/3.3/lib/python3.3/site-packages/django/template/loader.py", line 43, in __call__
    return self.load_template(template_name, template_dirs)
  File "/Library/Frameworks/Python.framework/Versions/3.3/lib/python3.3/site-packages/django/template/loader.py", line 49, in load_template
    template = get_template_from_string(source, origin, template_name)
  File "/Library/Frameworks/Python.framework/Versions/3.3/lib/python3.3/site-packages/django/template/loader.py", line 149, in get_template_from_string
    return Template(source, origin, name)
  File "/Library/Frameworks/Python.framework/Versions/3.3/lib/python3.3/site-packages/django/template/base.py", line 125, in __init__
    self.nodelist = compile_string(template_string, origin)
  File "/Library/Frameworks/Python.framework/Versions/3.3/lib/python3.3/site-packages/django/template/base.py", line 153, in compile_string
    return parser.parse()
  File "/Library/Frameworks/Python.framework/Versions/3.3/lib/python3.3/site-packages/django/template/base.py", line 276, in parse
    self.invalid_block_tag(token, command, parse_until)
  File "/Library/Frameworks/Python.framework/Versions/3.3/lib/python3.3/site-packages/django/template/base.py", line 332, in invalid_block_tag
    raise self.error(token, "Invalid block tag: '%s'" % command)
django.template.base.TemplateSyntaxError: Invalid block tag: 'static'
[10/Apr/2014 17:19:55] WARNING [django.request:145] Not Found: /favicon.ico
